Arguments: 
  /Users/joaco/.nvm/versions/node/v10.16.3/bin/node /usr/local/Cellar/yarn/1.13.0/libexec/bin/yarn.js init

PATH: 
  /Users/joaco/Library/Python/3.7/bin:/Users/joaco/Downloads/google-cloud-sdk/bin:/usr/local/bin:/usr/bin:/bin:/usr/sbin:/sbin:/Applications/Wireshark.app/Contents/MacOS:/Users/joaco/Library/Python/3.7/bin:/Users/joaco/Downloads/google-cloud-sdk/bin:/Users/joaco/.nvm/versions/node/v10.16.3/bin:/Users/joaco/Library/Android/sdk/emulator:/Users/joaco/Library/Android/sdk/tools:/Users/joaco/Library/Android/sdk/tools/bin:/Users/joaco/Library/Android/sdk/platform-tools:/usr/local/opt/rabbitmq/sbin:/Users/joaco/Library/Android/sdk/emulator:/Users/joaco/Library/Android/sdk/tools:/Users/joaco/Library/Android/sdk/tools/bin:/Users/joaco/Library/Android/sdk/platform-tools:/usr/local/opt/rabbitmq/sbin

Yarn version: 
  1.13.0

Node version: 
  10.16.3

Platform: 
  darwin x64

Trace: 
  Error: canceled
      at Interface.<anonymous> (/usr/local/Cellar/yarn/1.13.0/libexec/lib/cli.js:125657:13)
      at Interface.emit (events.js:198:13)
      at Interface._ttyWrite (readline.js:801:16)
      at ReadStream.onkeypress (readline.js:184:10)
      at ReadStream.emit (events.js:198:13)
      at emitKeys (internal/readline.js:424:14)
      at emitKeys.next (<anonymous>)
      at ReadStream.onData (readline.js:1075:36)
      at ReadStream.emit (events.js:198:13)
      at addChunk (_stream_readable.js:288:12)

npm manifest: 
  No manifest

yarn manifest: 
  No manifest

Lockfile: 
  No lockfile
